<?xml version="1.0" encoding="UTF-8"?>
<!-- Generated by org.testng.reporters.JUnitReportReporter -->
<testsuite hostname="Akshay-PC" name="com.snapooh.tests.MonitorView" tests="3" failures="0" timestamp="26 Aug 2016 09:05:29 GMT" time="12.487" errors="0">
  <testcase name="SelMonitor" time="2.345" classname="com.snapooh.tests.MonitorView"/>
  <testcase name="login" time="0.861" classname="com.snapooh.tests.MonitorView"/>
  <testcase name="MonitorReport" time="9.281" classname="com.snapooh.tests.MonitorView"/>
</testsuite> <!-- com.snapooh.tests.MonitorView -->
